0 info it worked if it ends with ok
1 verbose cli [ 'C:\\Program Files (x86)\\nodejs\\\\node.exe',
1 verbose cli   'C:\\Program Files (x86)\\nodejs\\node_modules\\npm\\bin\\npm-cli.js',
1 verbose cli   'install',
1 verbose cli   'socketio' ]
2 info using npm@1.3.2
3 info using node@v0.10.13
4 verbose node symlink C:\Program Files (x86)\nodejs\\node.exe
5 verbose cache add [ 'socketio', null ]
6 verbose cache add name=undefined spec="socketio" args=["socketio",null]
7 verbose parsed url { protocol: null,
7 verbose parsed url   slashes: null,
7 verbose parsed url   auth: null,
7 verbose parsed url   host: null,
7 verbose parsed url   port: null,
7 verbose parsed url   hostname: null,
7 verbose parsed url   hash: null,
7 verbose parsed url   search: null,
7 verbose parsed url   query: null,
7 verbose parsed url   pathname: 'socketio',
7 verbose parsed url   path: 'socketio',
7 verbose parsed url   href: 'socketio' }
8 silly lockFile be461470-socketio socketio
9 verbose lock socketio C:\Users\vvaidya\AppData\Roaming\npm-cache\be461470-socketio.lock
10 silly lockFile be461470-socketio socketio
11 silly lockFile be461470-socketio socketio
12 verbose addNamed [ 'socketio', '' ]
13 verbose addNamed [ null, '*' ]
14 silly lockFile fa004f70-socketio socketio@
15 verbose lock socketio@ C:\Users\vvaidya\AppData\Roaming\npm-cache\fa004f70-socketio.lock
16 silly addNameRange { name: 'socketio', range: '*', hasData: false }
17 verbose url raw socketio
18 verbose url resolving [ 'https://registry.npmjs.org/', './socketio' ]
19 verbose url resolved https://registry.npmjs.org/socketio
20 info trying registry request attempt 1 at 19:51:45
21 verbose etag "5RGC7F7X0Z6GAGOGHVGFIPIJR"
22 http GET https://registry.npmjs.org/socketio
23 http 404 https://registry.npmjs.org/socketio
24 silly registry.get cb [ 404,
24 silly registry.get   { server: 'CouchDB/1.5.0 (Erlang OTP/R16B03)',
24 silly registry.get     etag: '"5RGC7F7X0Z6GAGOGHVGFIPIJR"',
24 silly registry.get     'content-type': 'application/json',
24 silly registry.get     'cache-control': 'max-age=0',
24 silly registry.get     'content-length': '436',
24 silly registry.get     'accept-ranges': 'bytes',
24 silly registry.get     date: 'Wed, 10 Jun 2015 14:21:46 GMT',
24 silly registry.get     via: '1.1 varnish',
24 silly registry.get     age: '0',
24 silly registry.get     connection: 'keep-alive',
24 silly registry.get     'x-served-by': 'cache-sin6920-SIN',
24 silly registry.get     'x-cache': 'MISS',
24 silly registry.get     'x-cache-hits': '0',
24 silly registry.get     'x-timer': 'S1433946106.054518,VS0,VE221',
24 silly registry.get     vary: 'Accept' } ]
25 silly addNameRange number 2 { name: 'socketio', range: '*', hasData: true }
26 silly addNameRange versions [ 'socketio', [] ]
27 error TypeError: Cannot read property 'latest' of undefined
27 error     at next (C:\Program Files (x86)\nodejs\node_modules\npm\lib\cache.js:687:35)
27 error     at C:\Program Files (x86)\nodejs\node_modules\npm\lib\cache.js:675:5
27 error     at saved (C:\Program Files (x86)\nodejs\node_modules\npm\node_modules\npm-registry-client\lib\get.js:142:7)
27 error     at Object.oncomplete (fs.js:107:15)
28 error If you need help, you may report this log at:
28 error     <http://github.com/isaacs/npm/issues>
28 error or email it to:
28 error     <npm-@googlegroups.com>
29 error System Windows_NT 6.1.7601
30 error command "C:\\Program Files (x86)\\nodejs\\\\node.exe" "C:\\Program Files (x86)\\nodejs\\node_modules\\npm\\bin\\npm-cli.js" "install" "socketio"
31 error cwd C:\Users\vvaidya\Documents\IEEETalk\code
32 error node -v v0.10.13
33 error npm -v 1.3.2
34 error type non_object_property_load
35 verbose exit [ 1, true ]
